21:15:21 - Pulling Cornell Data!
21:15:21 - Reading cached county-wise NY population data from Cornell!
21:15:21 - Merging population data!
21:15:21 - Index::DatetimeIndex(['2000-01-01', '2001-01-01', '2002-01-01', '2003-01-01',
               '2004-01-01', '2005-01-01', '2006-01-01', '2007-01-01',
               '2008-01-01', '2009-01-01', '2010-01-01', '2011-01-01',
               '2012-01-01', '2013-01-01', '2014-01-01', '2015-01-01',
               '2016-01-01', '2017-01-01', '2018-01-01', '2019-01-01',
               '2020-01-01', '2021-01-01', '2022-01-01', '2023-01-01',
               '2024-01-01', '2025-01-01', '2026-01-01', '2027-01-01',
               '2028-01-01', '2029-01-01', '2030-01-01', '2031-01-01',
               '2032-01-01', '2033-01-01', '2034-01-01', '2035-01-01',
               '2036-01-01', '2037-01-01', '2038-01-01', '2039-01-01',
               '2040-01-01'],
              dtype='datetime64[ns]', freq=None)
21:15:21 - Pulling Socrata Data!
21:15:21 - Connected to Socrata clients!
21:15:21 - Using NY Health Data Socrata client!
21:15:21 - Downloading table: Influenza Laboratory-Confirmed Cases By County: Beginning 2009-10 Season
21:15:21 - Pulling latest data!
21:15:21 - Using NY Health Data Socrata client!
21:15:21 - Downloading table: Medicaid Chronic Conditions, Inpatient Admissions and Emergency Room Visits by County: Beginning 2012
21:15:22 - Pulling latest data!
21:15:22 - Using NY Health Data Socrata client!
21:15:22 - Downloading table: Hospital Inpatient Discharges (SPARCS De-Identified): 2012
21:15:23 - Pulling latest data!
21:15:24 - Using NY Health Data Socrata client!
21:15:25 - Downloading table: Vital Statistics: Opioid-Related Deaths by County: Beginning 2003
21:15:25 - Pulling latest data!
21:15:25 - Using NY Data Socrata client!
21:15:25 - Downloading table: Assembled Workers' Compensation Claims:  Beginning 2000
21:15:25 - Pulling latest data!
21:15:30 - Using NY Data Socrata client!
21:15:30 - Downloading table: Solid Waste Management Facilities
21:15:30 - Pulling latest data!
21:15:30 - Using NY Data Socrata client!
21:15:30 - Downloading table: Unemployment Insurance Average Duration: Beginning 2002
21:15:30 - Pulling latest data!
21:15:30 - Using NY Data Socrata client!
21:15:30 - Downloading table: Active Construction Projects
21:15:30 - Pulling latest data!
21:15:30 - Using NY Data Socrata client!
21:15:31 - Downloading table: New York State Career Centers
21:15:31 - Pulling latest data!
21:15:31 - Using NY Data Socrata client!
21:15:31 - Downloading table: Office of Finance and Development State Low-Income Housing Tax Credits (SLIHTC) and Subsidy Only Projects
21:15:31 - Pulling latest data!
21:15:31 - Using NY Data Socrata client!
21:15:31 - Downloading table: Quarterly Census of Employment and Wages Annual Data: Beginning 2000
21:15:31 - Pulling latest data!
21:15:32 - Using NY Data Socrata client!
21:15:32 - Downloading table: Current Employment Statistics: Beginning 1990
21:15:32 - Pulling latest data!
21:15:33 - Using NY Data Socrata client!
21:15:34 - Downloading table: Long-term Industry Projections
21:15:34 - Pulling latest data!
21:15:34 - Using NY Data Socrata client!
21:15:34 - Downloading table: Short-term Industry Projections
21:15:34 - Pulling latest data!
21:15:34 - Using NY Data Socrata client!
21:15:34 - Downloading table: Local Area Unemployment Statistics: Beginning 1976
21:15:34 - Pulling latest data!
21:15:34 - Using NY Data Socrata client!
21:15:34 - Downloading table: Labor Force Status by Race and Ethnicity: Beginning 2012
21:15:35 - Pulling latest data!
21:15:35 - Using NY Data Socrata client!
21:15:35 - Downloading table: State University of New York (SUNY) Campus Locations with Websites, Enrollment and Select Program Offerings
21:15:35 - Pulling latest data!
21:15:35 - Using NY Data Socrata client!
21:15:35 - Downloading table: Mined Land Permits: Beginning 1974
21:15:35 - Pulling latest data!
21:15:35 - Using NY Data Socrata client!
21:15:35 - Downloading table: Oil and Gas Annual Production: Beginning 2001
21:15:35 - Pulling latest data!
21:15:37 - Using NY Data Socrata client!
21:15:37 - Downloading table: County Mental Health Profiles: 2006-2016
21:15:37 - Pulling latest data!
21:15:37 - Using NY Data Socrata client!
21:15:37 - Downloading table: Annual Youth Detention Admissions by County: Beginning 2006
21:15:37 - Pulling latest data!
21:15:37 - Using NY Data Socrata client!
21:15:37 - Downloading table: Children in Foster Care Annually:  Beginning 1994
21:15:37 - Pulling latest data!
21:15:38 - Using NY Data Socrata client!
21:15:38 - Downloading table: Adult Arrests 18 and Older by County:  Beginning 1970
21:15:38 - Pulling latest data!
21:15:38 - Using NY Data Socrata client!
21:15:38 - Downloading table: Jail Population By County: Beginning 1997
21:15:38 - Pulling latest data!
21:15:38 - Using NY Data Socrata client!
21:15:38 - Downloading table: Parolees Under Community Supervision: Beginning 2008
21:15:38 - Pulling latest data!
21:15:40 - Using NY Data Socrata client!
21:15:40 - Downloading table: Recidivism: Beginning 2008
21:15:40 - Pulling latest data!
21:15:41 - Economic data updated!
