02:38:41: Seeding database!
02:38:41: Connected to Socrata clients!
02:38:41: Using NY Health Data Socrata client!
02:38:42: Downloading table: Medicaid Chronic Conditions, Inpatient Admissions and Emergency Room Visits by County: Beginning 2012
02:38:42:    year  county dual_status  ... ip_admits er_recips er_visits
0  2014  Albany        Dual  ...       329       122       525
1  2014  Albany    Non-Dual  ...       190        78       292
2  2014  Albany    Non-Dual  ...       162        88       476
3  2014  Albany        Dual  ...       479       255       901
4  2014  Albany        Dual  ...       113        33        95

[5 rows x 10 columns]
02:38:42: Downloaded output to /var/app/output/medicaid_patient_visits_by_county/17046.json
02:38:42: Uploaded table medicaid_patient_visits_by_county successfully!
02:38:42: Using NY Health Data Socrata client!
02:38:42: Downloading table: Hospital Inpatient Discharges (SPARCS De-Identified): 2012
02:38:48:   hospital_service_area hospital_county  ... total_charges total_costs
0       Capital/Adirond          Albany  ...      22862.69    10162.05
1       Capital/Adirond          Albany  ...      37811.50     4562.08
2       Capital/Adirond          Albany  ...      16464.90     7303.99
3       Capital/Adirond          Albany  ...      10510.69     4574.32
4       Capital/Adirond          Albany  ...       5788.94     2311.01

[5 rows x 34 columns]
02:38:50: Downloaded output to /var/app/output/inpatient_discharges_by_county/50000.json
02:38:58:   hospital_service_area  ... source_of_payment_3
0       Capital/Adirond  ...                 NaN
1       Capital/Adirond  ...                 NaN
2       Capital/Adirond  ...            Medicaid
3       Capital/Adirond  ...                 NaN
4       Capital/Adirond  ...                 NaN

[5 rows x 34 columns]
02:38:59: Downloaded output to /var/app/output/inpatient_discharges_by_county/100000.json
02:39:07:   hospital_service_area hospital_county  ... source_of_payment_2 source_of_payment_3
0            Western NY     Cattaraugus  ...                 NaN                 NaN
1            Western NY     Cattaraugus  ...                 NaN                 NaN
2            Western NY     Cattaraugus  ...                 NaN                 NaN
3            Western NY     Cattaraugus  ...                 NaN                 NaN
4            Western NY     Cattaraugus  ...                 NaN                 NaN

[5 rows x 34 columns]
02:39:08: Downloaded output to /var/app/output/inpatient_discharges_by_county/150000.json
02:39:18:   hospital_service_area hospital_county  ... source_of_payment_2 source_of_payment_3
0       Capital/Adirond        Columbia  ...                 NaN                 NaN
1       Capital/Adirond        Columbia  ...                 NaN                 NaN
2       Capital/Adirond        Columbia  ...            Medicaid                 NaN
3       Capital/Adirond        Columbia  ...                 NaN                 NaN
4       Capital/Adirond        Columbia  ...                 NaN                 NaN

[5 rows x 34 columns]
02:39:20: Downloaded output to /var/app/output/inpatient_discharges_by_county/200000.json
02:39:30:   hospital_service_area hospital_county  ... total_costs       source_of_payment_3
0            Western NY            Erie  ...     5928.76                       NaN
1            Western NY            Erie  ...     3355.48                  Self-Pay
2            Western NY            Erie  ...    29554.81                       NaN
3            Western NY            Erie  ...   116198.80                       NaN
4            Western NY            Erie  ...    41206.29  Private Health Insurance

[5 rows x 34 columns]
